Arguments: 
  D:\env_softs\nodejs\node.exe D:\env_softs\nodejs\node_global\node_modules\yarn\bin\yarn.js install

PATH: 
  C:\Program Files (x86)\Common Files\Intel\Shared Libraries\redist\intel64\compiler;C:\Program Files (x86)\Common Files\Oracle\Java\javapath;D:\env_softs\python-3.9.9\Scripts\;D:\env_softs\python-3.9.9\;C:\windows\system32;C:\windows;C:\windows\System32\Wbem;C:\windows\System32\WindowsPowerShell\v1.0\;C:\windows\System32\OpenSSH\;C:\Program Files (x86)\NVIDIA Corporation\PhysX\Common;C:\Program Files\NVIDIA Corporation\NVIDIA NvDLISR;C:\Users\Administrator\AppData\Local\Microsoft\WindowsApps;C:\Program Files\HP\OMEN-Broadcast\Common;D:\env_softs\Java8\jdk1.8\bin;D:\env_softs\Java8\jdk1.8\jre\bin;D:\env_softs\nodejs\;D:\env_softs\nodejs\node_modules;D:\Matlab2020\runtime\win64;D:\Matlab2020\bin;D:\Matlab2020\polyspace\bin;D:\env_softs\Anaconda3;D:\env_softs\Anaconda3\Scripts;D:\env_softs\Anaconda3\Library\mingw-w64\bin;D:\env_softs\Anaconda3\Library\bin;D:\env_softs\Anaconda3\Library\usr\bin;D:\env_softs\Git\cmd;D:\Projects\Git-respository;C:\Users\admin\AppData\Local\Microsoft\WindowsApps;D:\编程软件\Microsoft VS Code\bin;D:\编程软件\PyCharm 2021.2.4\bin;;D:\编程软件\IntelliJ IDEA 2023.1\bin;;D:\编程软件\WebStorm 2023.1\bin;;D:\env_softs\mysql-8.0.33-winx64\bin;D:\env_softs\nodejs\node_global;

Yarn version: 
  1.22.19

Node version: 
  18.16.0

Platform: 
  win32 x64

Trace: 
  Error: EPERM: operation not permitted, mkdir 'D:\Projects\Git-respository\go-view\node_modules\echarts\node_modules'

npm manifest: 
  {
    "name": "go-view",
    "version": "1.2.5",
    "engines": {
      "node": ">=12.0"
    },
    "scripts": {
      "dev": "vite --host",
      "build": "vue-tsc --noEmit && vite build",
      "preview": "vite preview",
      "new": "plop --plopfile ./plop/plopfile.js",
      "postinstall": "husky install",
      "lint": "eslint --ext .js,.jsx,.ts,.tsx,.vue src",
      "lint:fix": "eslint --ext .js,.jsx,.ts,.tsx,.vue src --fix"
    },
    "dependencies": {
      "@amap/amap-jsapi-loader": "^1.0.1",
      "@amap/amap-jsapi-types": "^0.0.8",
      "@types/color": "^3.0.3",
      "@types/crypto-js": "^4.1.1",
      "@types/keymaster": "^1.6.30",
      "@types/lodash": "^4.14.184",
      "animate.css": "^4.1.1",
      "axios": "^0.27.2",
      "color": "^4.2.3",
      "crypto-js": "^4.1.1",
      "dayjs": "^1.11.7",
      "dom-helpers": "^5.2.1",
      "echarts-liquidfill": "^3.1.0",
      "echarts-stat": "^1.2.0",
      "echarts-wordcloud": "^2.0.0",
      "gsap": "^3.11.3",
      "highlight.js": "^11.5.0",
      "html2canvas": "^1.4.1",
      "keymaster": "^1.6.2",
      "monaco-editor": "^0.33.0",
      "naive-ui": "2.34.3",
      "pinia": "^2.0.13",
      "screenfull": "^6.0.1",
      "three": "^0.145.0",
      "vue": "^3.2.31",
      "vue-demi": "^0.13.1",
      "vue-i18n": "^9.2.2",
      "vue-router": "4.0.12",
      "vue3-lazyload": "^0.2.5-beta",
      "vue3-sketch-ruler": "^1.3.3",
      "vuedraggable": "^4.1.0"
    },
    "devDependencies": {
      "@commitlint/cli": "^17.0.2",
      "@commitlint/config-conventional": "^17.0.2",
      "@types/node": "^16.11.26",
      "@types/three": "^0.144.0",
      "@typescript-eslint/eslint-plugin": "^5.18.0",
      "@typescript-eslint/parser": "^5.18.0",
      "@vicons/carbon": "^0.12.0",
      "@vicons/ionicons5": "~0.11.0",
      "@vitejs/plugin-vue": "^1.10.2",
      "@vitejs/plugin-vue-jsx": "^1.3.9",
      "@vue/compiler-sfc": "^3.2.31",
      "@vueuse/core": "^7.7.1",
      "commitlint": "^17.0.2",
      "default-passive-events": "^2.0.0",
      "echarts": "^5.3.2",
      "eslint": "^8.12.0",
      "eslint-config-prettier": "^8.5.0",
      "eslint-plugin-import": "^2.26.0",
      "eslint-plugin-prettier": "^4.0.0",
      "eslint-plugin-vue": "^8.5.0",
      "husky": "^8.0.1",
      "lodash": "~4.17.21",
      "mockjs": "^1.1.0",
      "plop": "^3.0.5",
      "prettier": "^2.6.2",
      "sass": "^1.49.11",
      "sass-loader": "^12.6.0",
      "typescript": "4.6.3",
      "vite": "4.2.1",
      "vite-plugin-compression": "^0.5.1",
      "vite-plugin-importer": "^0.2.5",
      "vite-plugin-mock": "^2.9.6",
      "vite-plugin-monaco-editor": "^1.1.0",
      "vue-echarts": "^6.0.2",
      "vue-tsc": "^0.28.10"
    }
  }

yarn manifest: 
  No manifest

Lockfile: 
  No lockfile
